
*** Running vivado
    with args -log au_top_0.vds -m64 -product Vivado -mode batch -messageDb vivado.pb -notrace -source au_top_0.tcl



****** Vivado v2020.2 (64-bit)
  **** SW Build 3064766 on Wed Nov 18 09:12:45 MST 2020
  **** IP Build 3064653 on Wed Nov 18 14:17:31 MST 2020
    ** Copyright 1986-2020 Xilinx, Inc. All Rights Reserved.

source au_top_0.tcl -notrace
Command: synth_design -top au_top_0 -part xc7a35tftg256-1
Starting synth_design
Attempting to get a license for feature 'Synthesis' and/or device 'xc7a35t'
INFO: [Common 17-349] Got license for feature 'Synthesis' and/or device 'xc7a35t'
INFO: [Device 21-403] Loading part xc7a35tftg256-1
INFO: [Synth 8-7079] Multithreading enabled for synth_design using a maximum of 2 processes.
INFO: [Synth 8-7078] Launching helper process for spawning children vivado processes
INFO: [Synth 8-7075] Helper process launched with PID 30356
---------------------------------------------------------------------------------
Starting RTL Elaboration : Time (s): cpu = 00:00:05 ; elapsed = 00:00:06 . Memory (MB): peak = 999.707 ; gain = 0.000
---------------------------------------------------------------------------------
INFO: [Synth 8-6157] synthesizing module 'au_top_0' [C:/Users/ansar/Desktop/Demo/work/vivado/Demo/Demo.srcs/sources_1/imports/verilog/au_top_0.v:7]
INFO: [Synth 8-6157] synthesizing module 'button_conditioner_2' [C:/Users/ansar/Desktop/Demo/work/vivado/Demo/Demo.srcs/sources_1/imports/verilog/button_conditioner_2.v:13]
	Parameter CLK_FREQ bound to: 26'b10111110101111000010000000 
	Parameter MIN_DELAY bound to: 5'b10100 
	Parameter NUM_SYNC bound to: 2'b10 
INFO: [Synth 8-6157] synthesizing module 'pipeline_7' [C:/Users/ansar/Desktop/Demo/work/vivado/Demo/Demo.srcs/sources_1/imports/verilog/pipeline_7.v:11]
	Parameter DEPTH bound to: 2'b10 
INFO: [Synth 8-6155] done synthesizing module 'pipeline_7' (1#1) [C:/Users/ansar/Desktop/Demo/work/vivado/Demo/Demo.srcs/sources_1/imports/verilog/pipeline_7.v:11]
INFO: [Synth 8-6155] done synthesizing module 'button_conditioner_2' (2#1) [C:/Users/ansar/Desktop/Demo/work/vivado/Demo/Demo.srcs/sources_1/imports/verilog/button_conditioner_2.v:13]
INFO: [Synth 8-6157] synthesizing module 'edge_detector_3' [C:/Users/ansar/Desktop/Demo/work/vivado/Demo/Demo.srcs/sources_1/imports/verilog/edge_detector_3.v:12]
	Parameter RISE bound to: 1'b1 
	Parameter FALL bound to: 1'b0 
INFO: [Synth 8-6155] done synthesizing module 'edge_detector_3' (3#1) [C:/Users/ansar/Desktop/Demo/work/vivado/Demo/Demo.srcs/sources_1/imports/verilog/edge_detector_3.v:12]
INFO: [Synth 8-6157] synthesizing module 'alu_tester_1' [C:/Users/ansar/Desktop/Demo/work/vivado/Demo/Demo.srcs/sources_1/imports/verilog/alu_tester_1.v:7]
	Parameter WAITA_control bound to: 2'b00 
	Parameter WAITB_control bound to: 2'b01 
	Parameter GETRESULT_control bound to: 2'b10 
INFO: [Synth 8-6157] synthesizing module 'alu_6' [C:/Users/ansar/Desktop/Demo/work/vivado/Demo/Demo.srcs/sources_1/imports/verilog/alu_6.v:7]
INFO: [Synth 8-6157] synthesizing module 'adder_11' [C:/Users/ansar/Desktop/Demo/work/vivado/Demo/Demo.srcs/sources_1/imports/verilog/adder_11.v:7]
INFO: [Synth 8-226] default block is never used [C:/Users/ansar/Desktop/Demo/work/vivado/Demo/Demo.srcs/sources_1/imports/verilog/adder_11.v:23]
INFO: [Synth 8-6155] done synthesizing module 'adder_11' (4#1) [C:/Users/ansar/Desktop/Demo/work/vivado/Demo/Demo.srcs/sources_1/imports/verilog/adder_11.v:7]
INFO: [Synth 8-6157] synthesizing module 'multiply_12' [C:/Users/ansar/Desktop/Demo/work/vivado/Demo/Demo.srcs/sources_1/imports/verilog/multiply_12.v:7]
INFO: [Synth 8-6155] done synthesizing module 'multiply_12' (5#1) [C:/Users/ansar/Desktop/Demo/work/vivado/Demo/Demo.srcs/sources_1/imports/verilog/multiply_12.v:7]
INFO: [Synth 8-6157] synthesizing module 'boolean_13' [C:/Users/ansar/Desktop/Demo/work/vivado/Demo/Demo.srcs/sources_1/imports/verilog/boolean_13.v:7]
WARNING: [Synth 8-151] case item 10'b1111101001 is unreachable [C:/Users/ansar/Desktop/Demo/work/vivado/Demo/Demo.srcs/sources_1/imports/verilog/boolean_13.v:43]
INFO: [Synth 8-6155] done synthesizing module 'boolean_13' (6#1) [C:/Users/ansar/Desktop/Demo/work/vivado/Demo/Demo.srcs/sources_1/imports/verilog/boolean_13.v:7]
INFO: [Synth 8-6157] synthesizing module 'shifter_14' [C:/Users/ansar/Desktop/Demo/work/vivado/Demo/Demo.srcs/sources_1/imports/verilog/shifter_14.v:7]
INFO: [Synth 8-6155] done synthesizing module 'shifter_14' (7#1) [C:/Users/ansar/Desktop/Demo/work/vivado/Demo/Demo.srcs/sources_1/imports/verilog/shifter_14.v:7]
INFO: [Synth 8-6157] synthesizing module 'compare_15' [C:/Users/ansar/Desktop/Demo/work/vivado/Demo/Demo.srcs/sources_1/imports/verilog/compare_15.v:7]
INFO: [Synth 8-155] case statement is not full and has no default [C:/Users/ansar/Desktop/Demo/work/vivado/Demo/Demo.srcs/sources_1/imports/verilog/compare_15.v:22]
INFO: [Synth 8-6155] done synthesizing module 'compare_15' (8#1) [C:/Users/ansar/Desktop/Demo/work/vivado/Demo/Demo.srcs/sources_1/imports/verilog/compare_15.v:7]
INFO: [Synth 8-6155] done synthesizing module 'alu_6' (9#1) [C:/Users/ansar/Desktop/Demo/work/vivado/Demo/Demo.srcs/sources_1/imports/verilog/alu_6.v:7]
INFO: [Synth 8-155] case statement is not full and has no default [C:/Users/ansar/Desktop/Demo/work/vivado/Demo/Demo.srcs/sources_1/imports/verilog/alu_tester_1.v:77]
INFO: [Synth 8-6155] done synthesizing module 'alu_tester_1' (10#1) [C:/Users/ansar/Desktop/Demo/work/vivado/Demo/Demo.srcs/sources_1/imports/verilog/alu_tester_1.v:7]
INFO: [Synth 8-6157] synthesizing module 'multi_seven_seg_4' [C:/Users/ansar/Desktop/Demo/work/vivado/Demo/Demo.srcs/sources_1/imports/verilog/multi_seven_seg_4.v:12]
	Parameter DIGITS bound to: 3'b100 
	Parameter DIV bound to: 5'b10000 
	Parameter DIGIT_BITS bound to: 2'b10 
INFO: [Synth 8-6157] synthesizing module 'counter_8' [C:/Users/ansar/Desktop/Demo/work/vivado/Demo/Demo.srcs/sources_1/imports/verilog/counter_8.v:14]
	Parameter SIZE bound to: 2'b10 
	Parameter DIV bound to: 5'b10000 
	Parameter TOP bound to: 4'b0011 
	Parameter UP bound to: 1'b1 
	Parameter MAX_VALUE bound to: 20'b00111111111111111111 
INFO: [Synth 8-6155] done synthesizing module 'counter_8' (11#1) [C:/Users/ansar/Desktop/Demo/work/vivado/Demo/Demo.srcs/sources_1/imports/verilog/counter_8.v:14]
INFO: [Synth 8-6157] synthesizing module 'seven_seg_9' [C:/Users/ansar/Desktop/Demo/work/vivado/Demo/Demo.srcs/sources_1/imports/verilog/seven_seg_9.v:7]
INFO: [Synth 8-6155] done synthesizing module 'seven_seg_9' (12#1) [C:/Users/ansar/Desktop/Demo/work/vivado/Demo/Demo.srcs/sources_1/imports/verilog/seven_seg_9.v:7]
INFO: [Synth 8-6157] synthesizing module 'decoder_10' [C:/Users/ansar/Desktop/Demo/work/vivado/Demo/Demo.srcs/sources_1/imports/verilog/decoder_10.v:11]
	Parameter WIDTH bound to: 2'b10 
INFO: [Synth 8-6155] done synthesizing module 'decoder_10' (13#1) [C:/Users/ansar/Desktop/Demo/work/vivado/Demo/Demo.srcs/sources_1/imports/verilog/decoder_10.v:11]
INFO: [Synth 8-6155] done synthesizing module 'multi_seven_seg_4' (14#1) [C:/Users/ansar/Desktop/Demo/work/vivado/Demo/Demo.srcs/sources_1/imports/verilog/multi_seven_seg_4.v:12]
INFO: [Synth 8-6157] synthesizing module 'reset_conditioner_5' [C:/Users/ansar/Desktop/Demo/work/vivado/Demo/Demo.srcs/sources_1/imports/verilog/reset_conditioner_5.v:11]
	Parameter STAGES bound to: 3'b100 
INFO: [Synth 8-6155] done synthesizing module 'reset_conditioner_5' (15#1) [C:/Users/ansar/Desktop/Demo/work/vivado/Demo/Demo.srcs/sources_1/imports/verilog/reset_conditioner_5.v:11]
INFO: [Synth 8-6155] done synthesizing module 'au_top_0' (16#1) [C:/Users/ansar/Desktop/Demo/work/vivado/Demo/Demo.srcs/sources_1/imports/verilog/au_top_0.v:7]
---------------------------------------------------------------------------------
Finished RTL Elaboration : Time (s): cpu = 00:00:06 ; elapsed = 00:00:07 . Memory (MB): peak = 999.707 ; gain = 0.000
---------------------------------------------------------------------------------
---------------------------------------------------------------------------------
Start Handling Custom Attributes
---------------------------------------------------------------------------------
---------------------------------------------------------------------------------
Finished Handling Custom Attributes : Time (s): cpu = 00:00:07 ; elapsed = 00:00:08 . Memory (MB): peak = 999.707 ; gain = 0.000
---------------------------------------------------------------------------------
---------------------------------------------------------------------------------
Finished RTL Optimization Phase 1 : Time (s): cpu = 00:00:07 ; elapsed = 00:00:08 . Memory (MB): peak = 999.707 ; gain = 0.000
---------------------------------------------------------------------------------
Netlist sorting complete. Time (s): cpu = 00:00:00 ; elapsed = 00:00:00.019 . Memory (MB): peak = 999.707 ; gain = 0.000
INFO: [Project 1-570] Preparing netlist for logic optimization

Processing XDC Constraints
Initializing timing engine
Parsing XDC File [C:/Users/ansar/Desktop/Demo/work/constraint/alchitry.xdc]
Finished Parsing XDC File [C:/Users/ansar/Desktop/Demo/work/constraint/alchitry.xdc]
INFO: [Project 1-236] Implementation specific constraints were found while reading constraint file [C:/Users/ansar/Desktop/Demo/work/constraint/alchitry.xdc]. These constraints will be ignored for synthesis but will be used in implementation. Impacted constraints are listed in the file [.Xil/au_top_0_propImpl.xdc].
Resolution: To avoid this warning, move constraints listed in [.Xil/au_top_0_propImpl.xdc] to another XDC file and exclude this new file from synthesis with the used_in_synthesis property (File Properties dialog in GUI) and re-run elaboration/synthesis.
Parsing XDC File [C:/Users/ansar/Desktop/Demo/work/constraint/io.xdc]
Finished Parsing XDC File [C:/Users/ansar/Desktop/Demo/work/constraint/io.xdc]
INFO: [Project 1-236] Implementation specific constraints were found while reading constraint file [C:/Users/ansar/Desktop/Demo/work/constraint/io.xdc]. These constraints will be ignored for synthesis but will be used in implementation. Impacted constraints are listed in the file [.Xil/au_top_0_propImpl.xdc].
Resolution: To avoid this warning, move constraints listed in [.Xil/au_top_0_propImpl.xdc] to another XDC file and exclude this new file from synthesis with the used_in_synthesis property (File Properties dialog in GUI) and re-run elaboration/synthesis.
Parsing XDC File [C:/Program Files/Alchitry/Alchitry Labs/library/components/au.xdc]
Finished Parsing XDC File [C:/Program Files/Alchitry/Alchitry Labs/library/components/au.xdc]
Completed Processing XDC Constraints

Netlist sorting complete. Time (s): cpu = 00:00:00 ; elapsed = 00:00:00.001 . Memory (MB): peak = 999.707 ; gain = 0.000
INFO: [Project 1-111] Unisim Transformation Summary:
No Unisim elements were transformed.

Constraint Validation Runtime : Time (s): cpu = 00:00:00 ; elapsed = 00:00:00.014 . Memory (MB): peak = 999.707 ; gain = 0.000
---------------------------------------------------------------------------------
Finished Constraint Validation : Time (s): cpu = 00:00:18 ; elapsed = 00:00:21 . Memory (MB): peak = 999.707 ; gain = 0.000
---------------------------------------------------------------------------------
---------------------------------------------------------------------------------
Start Loading Part and Timing Information
---------------------------------------------------------------------------------
Loading part: xc7a35tftg256-1
---------------------------------------------------------------------------------
Finished Loading Part and Timing Information : Time (s): cpu = 00:00:18 ; elapsed = 00:00:21 . Memory (MB): peak = 999.707 ; gain = 0.000
---------------------------------------------------------------------------------
---------------------------------------------------------------------------------
Start Applying 'set_property' XDC Constraints
---------------------------------------------------------------------------------
---------------------------------------------------------------------------------
Finished applying 'set_property' XDC Constraints : Time (s): cpu = 00:00:19 ; elapsed = 00:00:21 . Memory (MB): peak = 999.707 ; gain = 0.000
---------------------------------------------------------------------------------
WARNING: [Synth 8-327] inferring latch for variable 'out_reg' [C:/Users/ansar/Desktop/Demo/work/vivado/Demo/Demo.srcs/sources_1/imports/verilog/compare_15.v:33]
---------------------------------------------------------------------------------
Finished RTL Optimization Phase 2 : Time (s): cpu = 00:00:19 ; elapsed = 00:00:21 . Memory (MB): peak = 999.707 ; gain = 0.000
---------------------------------------------------------------------------------
---------------------------------------------------------------------------------
Start RTL Component Statistics 
---------------------------------------------------------------------------------
Detailed RTL Component Info : 
+---Adders : 
	   2 Input   18 Bit       Adders := 1     
	   3 Input   16 Bit       Adders := 1     
+---XORs : 
	   2 Input     16 Bit         XORs := 1     
	   2 Input      1 Bit         XORs := 2     
+---Registers : 
	               18 Bit    Registers := 1     
	               16 Bit    Registers := 4     
	                6 Bit    Registers := 1     
	                4 Bit    Registers := 1     
	                2 Bit    Registers := 5     
	                1 Bit    Registers := 5     
+---Muxes : 
	   2 Input   18 Bit        Muxes := 1     
	   2 Input   16 Bit        Muxes := 7     
	   4 Input   16 Bit        Muxes := 6     
	   3 Input   16 Bit        Muxes := 2     
	   4 Input    4 Bit        Muxes := 1     
	   2 Input    3 Bit        Muxes := 1     
	  15 Input    2 Bit        Muxes := 1     
	   6 Input    2 Bit        Muxes := 1     
	   4 Input    1 Bit        Muxes := 8     
	   2 Input    1 Bit        Muxes := 8     
	   3 Input    1 Bit        Muxes := 1     
---------------------------------------------------------------------------------
Finished RTL Component Statistics 
---------------------------------------------------------------------------------
---------------------------------------------------------------------------------
Start Part Resource Summary
---------------------------------------------------------------------------------
Part Resources:
DSPs: 90 (col length:60)
BRAMs: 100 (col length: RAMB18 60 RAMB36 30)
---------------------------------------------------------------------------------
Finished Part Resource Summary
---------------------------------------------------------------------------------
---------------------------------------------------------------------------------
Start Cross Boundary and Area Optimization
---------------------------------------------------------------------------------
DSP Report: Generating DSP manual/alu_unit/multiplyUnit/out0, operation Mode is: A2*B2.
DSP Report: register manual/M_b_register_q_reg is absorbed into DSP manual/alu_unit/multiplyUnit/out0.
DSP Report: register manual/M_a_register_q_reg is absorbed into DSP manual/alu_unit/multiplyUnit/out0.
DSP Report: operator manual/alu_unit/multiplyUnit/out0 is absorbed into DSP manual/alu_unit/multiplyUnit/out0.
---------------------------------------------------------------------------------
Finished Cross Boundary and Area Optimization : Time (s): cpu = 00:00:22 ; elapsed = 00:00:24 . Memory (MB): peak = 999.707 ; gain = 0.000
---------------------------------------------------------------------------------
---------------------------------------------------------------------------------
Start ROM, RAM, DSP, Shift Register and Retiming Reporting
---------------------------------------------------------------------------------

DSP: Preliminary Mapping	Report (see note below)
+------------+-------------+--------+--------+--------+--------+--------+------+------+------+------+-------+------+------+
|Module Name | DSP Mapping | A Size | B Size | C Size | D Size | P Size | AREG | BREG | CREG | DREG | ADREG | MREG | PREG | 
+------------+-------------+--------+--------+--------+--------+--------+------+------+------+------+-------+------+------+
|au_top_0    | A2*B2       | 16     | 16     | -      | -      | 32     | 1    | 1    | -    | -    | -     | 0    | 0    | 
+------------+-------------+--------+--------+--------+--------+--------+------+------+------+------+-------+------+------+

Note: The table above is a preliminary report that shows the DSPs inferred at the current stage of the synthesis flow. Some DSP may be reimplemented as non DSP primitives later in the synthesis flow. Multiple instantiated DSPs are reported only once.
---------------------------------------------------------------------------------
Finished ROM, RAM, DSP, Shift Register and Retiming Reporting
---------------------------------------------------------------------------------
---------------------------------------------------------------------------------
Start Applying XDC Timing Constraints
---------------------------------------------------------------------------------
---------------------------------------------------------------------------------
Finished Applying XDC Timing Constraints : Time (s): cpu = 00:00:30 ; elapsed = 00:00:33 . Memory (MB): peak = 999.707 ; gain = 0.000
---------------------------------------------------------------------------------
---------------------------------------------------------------------------------
Start Timing Optimization
---------------------------------------------------------------------------------
---------------------------------------------------------------------------------
Finished Timing Optimization : Time (s): cpu = 00:00:32 ; elapsed = 00:00:34 . Memory (MB): peak = 1032.469 ; gain = 32.762
---------------------------------------------------------------------------------
---------------------------------------------------------------------------------
Start Technology Mapping
---------------------------------------------------------------------------------
---------------------------------------------------------------------------------
Finished Technology Mapping : Time (s): cpu = 00:00:32 ; elapsed = 00:00:35 . Memory (MB): peak = 1041.535 ; gain = 41.828
---------------------------------------------------------------------------------
---------------------------------------------------------------------------------
Start IO Insertion
---------------------------------------------------------------------------------
---------------------------------------------------------------------------------
Start Flattening Before IO Insertion
---------------------------------------------------------------------------------
---------------------------------------------------------------------------------
Finished Flattening Before IO Insertion
---------------------------------------------------------------------------------
---------------------------------------------------------------------------------
Start Final Netlist Cleanup
---------------------------------------------------------------------------------
---------------------------------------------------------------------------------
Finished Final Netlist Cleanup
---------------------------------------------------------------------------------
---------------------------------------------------------------------------------
Finished IO Insertion : Time (s): cpu = 00:00:35 ; elapsed = 00:00:38 . Memory (MB): peak = 1044.363 ; gain = 44.656
---------------------------------------------------------------------------------
---------------------------------------------------------------------------------
Start Renaming Generated Instances
---------------------------------------------------------------------------------
---------------------------------------------------------------------------------
Finished Renaming Generated Instances : Time (s): cpu = 00:00:35 ; elapsed = 00:00:38 . Memory (MB): peak = 1044.363 ; gain = 44.656
---------------------------------------------------------------------------------
---------------------------------------------------------------------------------
Start Rebuilding User Hierarchy
---------------------------------------------------------------------------------
---------------------------------------------------------------------------------
Finished Rebuilding User Hierarchy : Time (s): cpu = 00:00:35 ; elapsed = 00:00:38 . Memory (MB): peak = 1044.363 ; gain = 44.656
---------------------------------------------------------------------------------
---------------------------------------------------------------------------------
Start Renaming Generated Ports
---------------------------------------------------------------------------------
---------------------------------------------------------------------------------
Finished Renaming Generated Ports : Time (s): cpu = 00:00:35 ; elapsed = 00:00:38 . Memory (MB): peak = 1044.363 ; gain = 44.656
---------------------------------------------------------------------------------
---------------------------------------------------------------------------------
Start Handling Custom Attributes
---------------------------------------------------------------------------------
---------------------------------------------------------------------------------
Finished Handling Custom Attributes : Time (s): cpu = 00:00:35 ; elapsed = 00:00:38 . Memory (MB): peak = 1044.363 ; gain = 44.656
---------------------------------------------------------------------------------
---------------------------------------------------------------------------------
Start Renaming Generated Nets
---------------------------------------------------------------------------------
---------------------------------------------------------------------------------
Finished Renaming Generated Nets : Time (s): cpu = 00:00:35 ; elapsed = 00:00:38 . Memory (MB): peak = 1044.363 ; gain = 44.656
---------------------------------------------------------------------------------
---------------------------------------------------------------------------------
Start Writing Synthesis Report
---------------------------------------------------------------------------------

Report BlackBoxes: 
+-+--------------+----------+
| |BlackBox name |Instances |
+-+--------------+----------+
+-+--------------+----------+

Report Cell Usage: 
+------+--------+------+
|      |Cell    |Count |
+------+--------+------+
|1     |BUFG    |     1|
|2     |CARRY4  |    19|
|3     |DSP48E1 |     1|
|4     |LUT1    |     9|
|5     |LUT2    |    43|
|6     |LUT3    |    25|
|7     |LUT4    |    19|
|8     |LUT5    |    57|
|9     |LUT6    |   160|
|10    |FDRE    |   127|
|11    |FDSE    |     4|
|12    |LD      |     1|
|13    |IBUF    |    21|
|14    |OBUF    |    45|
+------+--------+------+
---------------------------------------------------------------------------------
Finished Writing Synthesis Report : Time (s): cpu = 00:00:35 ; elapsed = 00:00:38 . Memory (MB): peak = 1044.363 ; gain = 44.656
---------------------------------------------------------------------------------
Synthesis finished with 0 errors, 0 critical warnings and 1 warnings.
Synthesis Optimization Runtime : Time (s): cpu = 00:00:21 ; elapsed = 00:00:30 . Memory (MB): peak = 1044.363 ; gain = 44.656
Synthesis Optimization Complete : Time (s): cpu = 00:00:35 ; elapsed = 00:00:38 . Memory (MB): peak = 1044.363 ; gain = 44.656
INFO: [Project 1-571] Translating synthesized netlist
Netlist sorting complete. Time (s): cpu = 00:00:00 ; elapsed = 00:00:00.008 . Memory (MB): peak = 1054.344 ; gain = 0.000
INFO: [Netlist 29-17] Analyzing 21 Unisim elements for replacement
INFO: [Netlist 29-28] Unisim Transformation completed in 1 CPU seconds
INFO: [Project 1-570] Preparing netlist for logic optimization
INFO: [Opt 31-138] Pushed 0 inverter(s) to 0 load pin(s).
Netlist sorting complete. Time (s): cpu = 00:00:00 ; elapsed = 00:00:00 . Memory (MB): peak = 1054.344 ; gain = 0.000
INFO: [Project 1-111] Unisim Transformation Summary:
  A total of 1 instances were transformed.
  LD => LDCE: 1 instance 

INFO: [Common 17-83] Releasing license: Synthesis
51 Infos, 2 Warnings, 0 Critical Warnings and 0 Errors encountered.
synth_design completed successfully
synth_design: Time (s): cpu = 00:00:42 ; elapsed = 00:00:45 . Memory (MB): peak = 1054.344 ; gain = 54.637
INFO: [Common 17-1381] The checkpoint 'C:/Users/ansar/Desktop/Demo/work/vivado/Demo/Demo.runs/synth_1/au_top_0.dcp' has been generated.
INFO: [runtcl-4] Executing : report_utilization -file au_top_0_utilization_synth.rpt -pb au_top_0_utilization_synth.pb
INFO: [Common 17-206] Exiting Vivado at Sun Mar 12 00:29:29 2023...
