
*** Running vivado
    with args -log au_top_0.vds -m64 -product Vivado -mode batch -messageDb vivado.pb -notrace -source au_top_0.tcl



****** Vivado v2020.2 (64-bit)
  **** SW Build 3064766 on Wed Nov 18 09:12:45 MST 2020
  **** IP Build 3064653 on Wed Nov 18 14:17:31 MST 2020
    ** Copyright 1986-2020 Xilinx, Inc. All Rights Reserved.

source au_top_0.tcl -notrace
Command: synth_design -top au_top_0 -part xc7a35tftg256-1
Starting synth_design
Attempting to get a license for feature 'Synthesis' and/or device 'xc7a35t'
INFO: [Common 17-349] Got license for feature 'Synthesis' and/or device 'xc7a35t'
INFO: [Device 21-403] Loading part xc7a35tftg256-1
INFO: [Synth 8-7079] Multithreading enabled for synth_design using a maximum of 2 processes.
INFO: [Synth 8-7078] Launching helper process for spawning children vivado processes
INFO: [Synth 8-7075] Helper process launched with PID 40280
---------------------------------------------------------------------------------
Starting RTL Elaboration : Time (s): cpu = 00:00:03 ; elapsed = 00:00:07 . Memory (MB): peak = 1000.383 ; gain = 0.000
---------------------------------------------------------------------------------
INFO: [Synth 8-6157] synthesizing module 'au_top_0' [A:/FPGA/demo-checkoff1-FPGA/work/vivado/alu_withbugfixes233AM13_3/alu_withbugfixes233AM13_3.srcs/sources_1/imports/verilog/au_top_0.v:7]
	Parameter MANUAL_mode bound to: 1'b0 
	Parameter AUTO_mode bound to: 1'b1 
INFO: [Synth 8-6157] synthesizing module 'button_conditioner_4' [A:/FPGA/demo-checkoff1-FPGA/work/vivado/alu_withbugfixes233AM13_3/alu_withbugfixes233AM13_3.srcs/sources_1/imports/verilog/button_conditioner_4.v:13]
	Parameter CLK_FREQ bound to: 26'b10111110101111000010000000 
	Parameter MIN_DELAY bound to: 5'b10100 
	Parameter NUM_SYNC bound to: 2'b10 
INFO: [Synth 8-6157] synthesizing module 'pipeline_16' [A:/FPGA/demo-checkoff1-FPGA/work/vivado/alu_withbugfixes233AM13_3/alu_withbugfixes233AM13_3.srcs/sources_1/imports/verilog/pipeline_16.v:11]
	Parameter DEPTH bound to: 2'b10 
INFO: [Synth 8-6155] done synthesizing module 'pipeline_16' (1#1) [A:/FPGA/demo-checkoff1-FPGA/work/vivado/alu_withbugfixes233AM13_3/alu_withbugfixes233AM13_3.srcs/sources_1/imports/verilog/pipeline_16.v:11]
INFO: [Synth 8-6155] done synthesizing module 'button_conditioner_4' (2#1) [A:/FPGA/demo-checkoff1-FPGA/work/vivado/alu_withbugfixes233AM13_3/alu_withbugfixes233AM13_3.srcs/sources_1/imports/verilog/button_conditioner_4.v:13]
INFO: [Synth 8-6157] synthesizing module 'edge_detector_5' [A:/FPGA/demo-checkoff1-FPGA/work/vivado/alu_withbugfixes233AM13_3/alu_withbugfixes233AM13_3.srcs/sources_1/imports/verilog/edge_detector_5.v:12]
	Parameter RISE bound to: 1'b1 
	Parameter FALL bound to: 1'b0 
INFO: [Synth 8-6155] done synthesizing module 'edge_detector_5' (3#1) [A:/FPGA/demo-checkoff1-FPGA/work/vivado/alu_withbugfixes233AM13_3/alu_withbugfixes233AM13_3.srcs/sources_1/imports/verilog/edge_detector_5.v:12]
INFO: [Synth 8-6157] synthesizing module 'alu_manual_tester_1' [A:/FPGA/demo-checkoff1-FPGA/work/vivado/alu_withbugfixes233AM13_3/alu_withbugfixes233AM13_3.srcs/sources_1/imports/verilog/alu_manual_tester_1.v:7]
	Parameter WAITA_state bound to: 2'b00 
	Parameter WAITB_state bound to: 2'b01 
	Parameter WAITALUFN_state bound to: 2'b10 
	Parameter GETRESULT_state bound to: 2'b11 
INFO: [Synth 8-6157] synthesizing module 'alu_7' [A:/FPGA/demo-checkoff1-FPGA/work/vivado/alu_withbugfixes233AM13_3/alu_withbugfixes233AM13_3.srcs/sources_1/imports/verilog/alu_7.v:7]
INFO: [Synth 8-6157] synthesizing module 'adder_17' [A:/FPGA/demo-checkoff1-FPGA/work/vivado/alu_withbugfixes233AM13_3/alu_withbugfixes233AM13_3.srcs/sources_1/imports/verilog/adder_17.v:7]
INFO: [Synth 8-226] default block is never used [A:/FPGA/demo-checkoff1-FPGA/work/vivado/alu_withbugfixes233AM13_3/alu_withbugfixes233AM13_3.srcs/sources_1/imports/verilog/adder_17.v:23]
INFO: [Synth 8-6155] done synthesizing module 'adder_17' (4#1) [A:/FPGA/demo-checkoff1-FPGA/work/vivado/alu_withbugfixes233AM13_3/alu_withbugfixes233AM13_3.srcs/sources_1/imports/verilog/adder_17.v:7]
INFO: [Synth 8-6157] synthesizing module 'multiply_18' [A:/FPGA/demo-checkoff1-FPGA/work/vivado/alu_withbugfixes233AM13_3/alu_withbugfixes233AM13_3.srcs/sources_1/imports/verilog/multiply_18.v:7]
INFO: [Synth 8-6155] done synthesizing module 'multiply_18' (5#1) [A:/FPGA/demo-checkoff1-FPGA/work/vivado/alu_withbugfixes233AM13_3/alu_withbugfixes233AM13_3.srcs/sources_1/imports/verilog/multiply_18.v:7]
INFO: [Synth 8-6157] synthesizing module 'boolean_19' [A:/FPGA/demo-checkoff1-FPGA/work/vivado/alu_withbugfixes233AM13_3/alu_withbugfixes233AM13_3.srcs/sources_1/imports/verilog/boolean_19.v:7]
WARNING: [Synth 8-151] case item 10'b1111101001 is unreachable [A:/FPGA/demo-checkoff1-FPGA/work/vivado/alu_withbugfixes233AM13_3/alu_withbugfixes233AM13_3.srcs/sources_1/imports/verilog/boolean_19.v:43]
INFO: [Synth 8-6155] done synthesizing module 'boolean_19' (6#1) [A:/FPGA/demo-checkoff1-FPGA/work/vivado/alu_withbugfixes233AM13_3/alu_withbugfixes233AM13_3.srcs/sources_1/imports/verilog/boolean_19.v:7]
INFO: [Synth 8-6157] synthesizing module 'shifter_20' [A:/FPGA/demo-checkoff1-FPGA/work/vivado/alu_withbugfixes233AM13_3/alu_withbugfixes233AM13_3.srcs/sources_1/imports/verilog/shifter_20.v:7]
INFO: [Synth 8-6155] done synthesizing module 'shifter_20' (7#1) [A:/FPGA/demo-checkoff1-FPGA/work/vivado/alu_withbugfixes233AM13_3/alu_withbugfixes233AM13_3.srcs/sources_1/imports/verilog/shifter_20.v:7]
INFO: [Synth 8-6157] synthesizing module 'compare_21' [A:/FPGA/demo-checkoff1-FPGA/work/vivado/alu_withbugfixes233AM13_3/alu_withbugfixes233AM13_3.srcs/sources_1/imports/verilog/compare_21.v:7]
INFO: [Synth 8-155] case statement is not full and has no default [A:/FPGA/demo-checkoff1-FPGA/work/vivado/alu_withbugfixes233AM13_3/alu_withbugfixes233AM13_3.srcs/sources_1/imports/verilog/compare_21.v:22]
INFO: [Synth 8-6155] done synthesizing module 'compare_21' (8#1) [A:/FPGA/demo-checkoff1-FPGA/work/vivado/alu_withbugfixes233AM13_3/alu_withbugfixes233AM13_3.srcs/sources_1/imports/verilog/compare_21.v:7]
INFO: [Synth 8-6155] done synthesizing module 'alu_7' (9#1) [A:/FPGA/demo-checkoff1-FPGA/work/vivado/alu_withbugfixes233AM13_3/alu_withbugfixes233AM13_3.srcs/sources_1/imports/verilog/alu_7.v:7]
INFO: [Synth 8-6155] done synthesizing module 'alu_manual_tester_1' (10#1) [A:/FPGA/demo-checkoff1-FPGA/work/vivado/alu_withbugfixes233AM13_3/alu_withbugfixes233AM13_3.srcs/sources_1/imports/verilog/alu_manual_tester_1.v:7]
INFO: [Synth 8-6157] synthesizing module 'auto_tester_2' [A:/FPGA/demo-checkoff1-FPGA/work/vivado/alu_withbugfixes233AM13_3/alu_withbugfixes233AM13_3.srcs/sources_1/imports/verilog/auto_tester_2.v:7]
	Parameter IDLE_tester_function_state bound to: 3'b000 
	Parameter ADDER_tester_function_state bound to: 3'b001 
	Parameter COMPARATOR_tester_function_state bound to: 3'b010 
	Parameter BOOLEAN_tester_function_state bound to: 3'b011 
	Parameter SHIFTER_tester_function_state bound to: 3'b100 
	Parameter MULTIPLIER_tester_function_state bound to: 3'b101 
	Parameter ERROR_tester_function_state bound to: 3'b110 
INFO: [Synth 8-6157] synthesizing module 'adder_autotester_8' [A:/FPGA/demo-checkoff1-FPGA/work/vivado/alu_withbugfixes233AM13_3/alu_withbugfixes233AM13_3.srcs/sources_1/imports/verilog/adder_autotester_8.v:7]
	Parameter IDLE_state bound to: 2'b00 
	Parameter TESTING_state bound to: 2'b01 
	Parameter PASS_state bound to: 2'b10 
	Parameter NULL_track_failure bound to: 1'b0 
	Parameter FAIL_BEFORE_track_failure bound to: 1'b1 
INFO: [Synth 8-155] case statement is not full and has no default [A:/FPGA/demo-checkoff1-FPGA/work/vivado/alu_withbugfixes233AM13_3/alu_withbugfixes233AM13_3.srcs/sources_1/imports/verilog/adder_autotester_8.v:75]
INFO: [Synth 8-6155] done synthesizing module 'adder_autotester_8' (11#1) [A:/FPGA/demo-checkoff1-FPGA/work/vivado/alu_withbugfixes233AM13_3/alu_withbugfixes233AM13_3.srcs/sources_1/imports/verilog/adder_autotester_8.v:7]
INFO: [Synth 8-6157] synthesizing module 'compare_autotester_9' [A:/FPGA/demo-checkoff1-FPGA/work/vivado/alu_withbugfixes233AM13_3/alu_withbugfixes233AM13_3.srcs/sources_1/imports/verilog/compare_autotester_9.v:7]
	Parameter IDLE_state bound to: 2'b00 
	Parameter TESTING_state bound to: 2'b01 
	Parameter PASS_state bound to: 2'b10 
	Parameter NULL_track_failure bound to: 1'b0 
	Parameter FAIL_BEFORE_track_failure bound to: 1'b1 
INFO: [Synth 8-155] case statement is not full and has no default [A:/FPGA/demo-checkoff1-FPGA/work/vivado/alu_withbugfixes233AM13_3/alu_withbugfixes233AM13_3.srcs/sources_1/imports/verilog/compare_autotester_9.v:93]
INFO: [Synth 8-155] case statement is not full and has no default [A:/FPGA/demo-checkoff1-FPGA/work/vivado/alu_withbugfixes233AM13_3/alu_withbugfixes233AM13_3.srcs/sources_1/imports/verilog/compare_autotester_9.v:76]
INFO: [Synth 8-6155] done synthesizing module 'compare_autotester_9' (12#1) [A:/FPGA/demo-checkoff1-FPGA/work/vivado/alu_withbugfixes233AM13_3/alu_withbugfixes233AM13_3.srcs/sources_1/imports/verilog/compare_autotester_9.v:7]
INFO: [Synth 8-6157] synthesizing module 'boolean_autotester_10' [A:/FPGA/demo-checkoff1-FPGA/work/vivado/alu_withbugfixes233AM13_3/alu_withbugfixes233AM13_3.srcs/sources_1/imports/verilog/boolean_autotester_10.v:7]
	Parameter IDLE_state bound to: 2'b00 
	Parameter TESTING_state bound to: 2'b01 
	Parameter PASS_state bound to: 2'b10 
	Parameter NULL_track_failure bound to: 1'b0 
	Parameter FAIL_BEFORE_track_failure bound to: 1'b1 
WARNING: [Synth 8-151] case item 5'b00101 is unreachable [A:/FPGA/demo-checkoff1-FPGA/work/vivado/alu_withbugfixes233AM13_3/alu_withbugfixes233AM13_3.srcs/sources_1/imports/verilog/boolean_autotester_10.v:144]
WARNING: [Synth 8-151] case item 5'b00110 is unreachable [A:/FPGA/demo-checkoff1-FPGA/work/vivado/alu_withbugfixes233AM13_3/alu_withbugfixes233AM13_3.srcs/sources_1/imports/verilog/boolean_autotester_10.v:156]
WARNING: [Synth 8-151] case item 5'b00111 is unreachable [A:/FPGA/demo-checkoff1-FPGA/work/vivado/alu_withbugfixes233AM13_3/alu_withbugfixes233AM13_3.srcs/sources_1/imports/verilog/boolean_autotester_10.v:168]
WARNING: [Synth 8-151] case item 5'b01000 is unreachable [A:/FPGA/demo-checkoff1-FPGA/work/vivado/alu_withbugfixes233AM13_3/alu_withbugfixes233AM13_3.srcs/sources_1/imports/verilog/boolean_autotester_10.v:180]
WARNING: [Synth 8-151] case item 5'b01001 is unreachable [A:/FPGA/demo-checkoff1-FPGA/work/vivado/alu_withbugfixes233AM13_3/alu_withbugfixes233AM13_3.srcs/sources_1/imports/verilog/boolean_autotester_10.v:192]
INFO: [Synth 8-155] case statement is not full and has no default [A:/FPGA/demo-checkoff1-FPGA/work/vivado/alu_withbugfixes233AM13_3/alu_withbugfixes233AM13_3.srcs/sources_1/imports/verilog/boolean_autotester_10.v:93]
INFO: [Synth 8-155] case statement is not full and has no default [A:/FPGA/demo-checkoff1-FPGA/work/vivado/alu_withbugfixes233AM13_3/alu_withbugfixes233AM13_3.srcs/sources_1/imports/verilog/boolean_autotester_10.v:76]
INFO: [Synth 8-6155] done synthesizing module 'boolean_autotester_10' (13#1) [A:/FPGA/demo-checkoff1-FPGA/work/vivado/alu_withbugfixes233AM13_3/alu_withbugfixes233AM13_3.srcs/sources_1/imports/verilog/boolean_autotester_10.v:7]
INFO: [Synth 8-6157] synthesizing module 'shifter_autotester_11' [A:/FPGA/demo-checkoff1-FPGA/work/vivado/alu_withbugfixes233AM13_3/alu_withbugfixes233AM13_3.srcs/sources_1/imports/verilog/shifter_autotester_11.v:7]
	Parameter IDLE_state bound to: 2'b00 
	Parameter TESTING_state bound to: 2'b01 
	Parameter PASS_state bound to: 2'b10 
	Parameter NULL_track_failure bound to: 1'b0 
	Parameter FAIL_BEFORE_track_failure bound to: 1'b1 
INFO: [Synth 8-155] case statement is not full and has no default [A:/FPGA/demo-checkoff1-FPGA/work/vivado/alu_withbugfixes233AM13_3/alu_withbugfixes233AM13_3.srcs/sources_1/imports/verilog/shifter_autotester_11.v:83]
INFO: [Synth 8-155] case statement is not full and has no default [A:/FPGA/demo-checkoff1-FPGA/work/vivado/alu_withbugfixes233AM13_3/alu_withbugfixes233AM13_3.srcs/sources_1/imports/verilog/shifter_autotester_11.v:70]
INFO: [Synth 8-6155] done synthesizing module 'shifter_autotester_11' (14#1) [A:/FPGA/demo-checkoff1-FPGA/work/vivado/alu_withbugfixes233AM13_3/alu_withbugfixes233AM13_3.srcs/sources_1/imports/verilog/shifter_autotester_11.v:7]
INFO: [Synth 8-6157] synthesizing module 'multiplier_autotester_12' [A:/FPGA/demo-checkoff1-FPGA/work/vivado/alu_withbugfixes233AM13_3/alu_withbugfixes233AM13_3.srcs/sources_1/imports/verilog/multiplier_autotester_12.v:7]
	Parameter IDLE_state bound to: 2'b00 
	Parameter TESTING_state bound to: 2'b01 
	Parameter PASS_state bound to: 2'b10 
	Parameter NULL_track_failure bound to: 1'b0 
	Parameter FAIL_BEFORE_track_failure bound to: 1'b1 
INFO: [Synth 8-155] case statement is not full and has no default [A:/FPGA/demo-checkoff1-FPGA/work/vivado/alu_withbugfixes233AM13_3/alu_withbugfixes233AM13_3.srcs/sources_1/imports/verilog/multiplier_autotester_12.v:93]
INFO: [Synth 8-155] case statement is not full and has no default [A:/FPGA/demo-checkoff1-FPGA/work/vivado/alu_withbugfixes233AM13_3/alu_withbugfixes233AM13_3.srcs/sources_1/imports/verilog/multiplier_autotester_12.v:76]
INFO: [Synth 8-6155] done synthesizing module 'multiplier_autotester_12' (15#1) [A:/FPGA/demo-checkoff1-FPGA/work/vivado/alu_withbugfixes233AM13_3/alu_withbugfixes233AM13_3.srcs/sources_1/imports/verilog/multiplier_autotester_12.v:7]
INFO: [Synth 8-155] case statement is not full and has no default [A:/FPGA/demo-checkoff1-FPGA/work/vivado/alu_withbugfixes233AM13_3/alu_withbugfixes233AM13_3.srcs/sources_1/imports/verilog/auto_tester_2.v:154]
INFO: [Synth 8-6155] done synthesizing module 'auto_tester_2' (16#1) [A:/FPGA/demo-checkoff1-FPGA/work/vivado/alu_withbugfixes233AM13_3/alu_withbugfixes233AM13_3.srcs/sources_1/imports/verilog/auto_tester_2.v:7]
INFO: [Synth 8-6157] synthesizing module 'multi_seven_seg_3' [A:/FPGA/demo-checkoff1-FPGA/work/vivado/alu_withbugfixes233AM13_3/alu_withbugfixes233AM13_3.srcs/sources_1/imports/verilog/multi_seven_seg_3.v:12]
	Parameter DIGITS bound to: 3'b100 
	Parameter DIV bound to: 5'b10000 
	Parameter DIGIT_BITS bound to: 2'b10 
INFO: [Synth 8-6157] synthesizing module 'counter_13' [A:/FPGA/demo-checkoff1-FPGA/work/vivado/alu_withbugfixes233AM13_3/alu_withbugfixes233AM13_3.srcs/sources_1/imports/verilog/counter_13.v:14]
	Parameter SIZE bound to: 2'b10 
	Parameter DIV bound to: 5'b10000 
	Parameter TOP bound to: 4'b0011 
	Parameter UP bound to: 1'b1 
	Parameter MAX_VALUE bound to: 20'b00111111111111111111 
INFO: [Synth 8-6155] done synthesizing module 'counter_13' (17#1) [A:/FPGA/demo-checkoff1-FPGA/work/vivado/alu_withbugfixes233AM13_3/alu_withbugfixes233AM13_3.srcs/sources_1/imports/verilog/counter_13.v:14]
INFO: [Synth 8-6157] synthesizing module 'seven_seg_14' [A:/FPGA/demo-checkoff1-FPGA/work/vivado/alu_withbugfixes233AM13_3/alu_withbugfixes233AM13_3.srcs/sources_1/imports/verilog/seven_seg_14.v:7]
INFO: [Synth 8-226] default block is never used [A:/FPGA/demo-checkoff1-FPGA/work/vivado/alu_withbugfixes233AM13_3/alu_withbugfixes233AM13_3.srcs/sources_1/imports/verilog/seven_seg_14.v:16]
INFO: [Synth 8-6155] done synthesizing module 'seven_seg_14' (18#1) [A:/FPGA/demo-checkoff1-FPGA/work/vivado/alu_withbugfixes233AM13_3/alu_withbugfixes233AM13_3.srcs/sources_1/imports/verilog/seven_seg_14.v:7]
INFO: [Synth 8-6157] synthesizing module 'decoder_15' [A:/FPGA/demo-checkoff1-FPGA/work/vivado/alu_withbugfixes233AM13_3/alu_withbugfixes233AM13_3.srcs/sources_1/imports/verilog/decoder_15.v:11]
	Parameter WIDTH bound to: 2'b10 
INFO: [Synth 8-6155] done synthesizing module 'decoder_15' (19#1) [A:/FPGA/demo-checkoff1-FPGA/work/vivado/alu_withbugfixes233AM13_3/alu_withbugfixes233AM13_3.srcs/sources_1/imports/verilog/decoder_15.v:11]
INFO: [Synth 8-6155] done synthesizing module 'multi_seven_seg_3' (20#1) [A:/FPGA/demo-checkoff1-FPGA/work/vivado/alu_withbugfixes233AM13_3/alu_withbugfixes233AM13_3.srcs/sources_1/imports/verilog/multi_seven_seg_3.v:12]
INFO: [Synth 8-6157] synthesizing module 'reset_conditioner_6' [A:/FPGA/demo-checkoff1-FPGA/work/vivado/alu_withbugfixes233AM13_3/alu_withbugfixes233AM13_3.srcs/sources_1/imports/verilog/reset_conditioner_6.v:11]
	Parameter STAGES bound to: 3'b100 
INFO: [Synth 8-6155] done synthesizing module 'reset_conditioner_6' (21#1) [A:/FPGA/demo-checkoff1-FPGA/work/vivado/alu_withbugfixes233AM13_3/alu_withbugfixes233AM13_3.srcs/sources_1/imports/verilog/reset_conditioner_6.v:11]
INFO: [Synth 8-155] case statement is not full and has no default [A:/FPGA/demo-checkoff1-FPGA/work/vivado/alu_withbugfixes233AM13_3/alu_withbugfixes233AM13_3.srcs/sources_1/imports/verilog/au_top_0.v:158]
INFO: [Synth 8-6155] done synthesizing module 'au_top_0' (22#1) [A:/FPGA/demo-checkoff1-FPGA/work/vivado/alu_withbugfixes233AM13_3/alu_withbugfixes233AM13_3.srcs/sources_1/imports/verilog/au_top_0.v:7]
---------------------------------------------------------------------------------
Finished RTL Elaboration : Time (s): cpu = 00:00:04 ; elapsed = 00:00:09 . Memory (MB): peak = 1000.383 ; gain = 0.000
---------------------------------------------------------------------------------
---------------------------------------------------------------------------------
Start Handling Custom Attributes
---------------------------------------------------------------------------------
---------------------------------------------------------------------------------
Finished Handling Custom Attributes : Time (s): cpu = 00:00:04 ; elapsed = 00:00:10 . Memory (MB): peak = 1000.383 ; gain = 0.000
---------------------------------------------------------------------------------
---------------------------------------------------------------------------------
Finished RTL Optimization Phase 1 : Time (s): cpu = 00:00:04 ; elapsed = 00:00:10 . Memory (MB): peak = 1000.383 ; gain = 0.000
---------------------------------------------------------------------------------
Netlist sorting complete. Time (s): cpu = 00:00:00 ; elapsed = 00:00:00.053 . Memory (MB): peak = 1000.383 ; gain = 0.000
INFO: [Project 1-570] Preparing netlist for logic optimization

Processing XDC Constraints
Initializing timing engine
Parsing XDC File [A:/FPGA/demo-checkoff1-FPGA/work/constraint/alchitry.xdc]
Finished Parsing XDC File [A:/FPGA/demo-checkoff1-FPGA/work/constraint/alchitry.xdc]
INFO: [Project 1-236] Implementation specific constraints were found while reading constraint file [A:/FPGA/demo-checkoff1-FPGA/work/constraint/alchitry.xdc]. These constraints will be ignored for synthesis but will be used in implementation. Impacted constraints are listed in the file [.Xil/au_top_0_propImpl.xdc].
Resolution: To avoid this warning, move constraints listed in [.Xil/au_top_0_propImpl.xdc] to another XDC file and exclude this new file from synthesis with the used_in_synthesis property (File Properties dialog in GUI) and re-run elaboration/synthesis.
Parsing XDC File [A:/FPGA/demo-checkoff1-FPGA/work/constraint/io.xdc]
Finished Parsing XDC File [A:/FPGA/demo-checkoff1-FPGA/work/constraint/io.xdc]
INFO: [Project 1-236] Implementation specific constraints were found while reading constraint file [A:/FPGA/demo-checkoff1-FPGA/work/constraint/io.xdc]. These constraints will be ignored for synthesis but will be used in implementation. Impacted constraints are listed in the file [.Xil/au_top_0_propImpl.xdc].
Resolution: To avoid this warning, move constraints listed in [.Xil/au_top_0_propImpl.xdc] to another XDC file and exclude this new file from synthesis with the used_in_synthesis property (File Properties dialog in GUI) and re-run elaboration/synthesis.
Parsing XDC File [C:/Program Files/Alchitry/Alchitry Labs/library/components/au.xdc]
Finished Parsing XDC File [C:/Program Files/Alchitry/Alchitry Labs/library/components/au.xdc]
Completed Processing XDC Constraints

Netlist sorting complete. Time (s): cpu = 00:00:00 ; elapsed = 00:00:00.001 . Memory (MB): peak = 1000.383 ; gain = 0.000
INFO: [Project 1-111] Unisim Transformation Summary:
No Unisim elements were transformed.

Constraint Validation Runtime : Time (s): cpu = 00:00:00 ; elapsed = 00:00:00.012 . Memory (MB): peak = 1000.383 ; gain = 0.000
---------------------------------------------------------------------------------
Finished Constraint Validation : Time (s): cpu = 00:00:07 ; elapsed = 00:00:21 . Memory (MB): peak = 1000.383 ; gain = 0.000
---------------------------------------------------------------------------------
---------------------------------------------------------------------------------
Start Loading Part and Timing Information
---------------------------------------------------------------------------------
Loading part: xc7a35tftg256-1
---------------------------------------------------------------------------------
Finished Loading Part and Timing Information : Time (s): cpu = 00:00:07 ; elapsed = 00:00:21 . Memory (MB): peak = 1000.383 ; gain = 0.000
---------------------------------------------------------------------------------
---------------------------------------------------------------------------------
Start Applying 'set_property' XDC Constraints
---------------------------------------------------------------------------------
---------------------------------------------------------------------------------
Finished applying 'set_property' XDC Constraints : Time (s): cpu = 00:00:07 ; elapsed = 00:00:22 . Memory (MB): peak = 1000.383 ; gain = 0.000
---------------------------------------------------------------------------------
INFO: [Synth 8-802] inferred FSM for state register 'M_state_q_reg' in module 'adder_autotester_8'
INFO: [Synth 8-802] inferred FSM for state register 'M_state_q_reg' in module 'compare_autotester_9'
INFO: [Synth 8-802] inferred FSM for state register 'M_state_q_reg' in module 'boolean_autotester_10'
INFO: [Synth 8-802] inferred FSM for state register 'M_state_q_reg' in module 'shifter_autotester_11'
INFO: [Synth 8-802] inferred FSM for state register 'M_state_q_reg' in module 'multiplier_autotester_12'
INFO: [Synth 8-802] inferred FSM for state register 'M_tester_function_state_q_reg' in module 'auto_tester_2'
WARNING: [Synth 8-327] inferring latch for variable 'out_reg' [A:/FPGA/demo-checkoff1-FPGA/work/vivado/alu_withbugfixes233AM13_3/alu_withbugfixes233AM13_3.srcs/sources_1/imports/verilog/compare_21.v:33]
---------------------------------------------------------------------------------------------------
                   State |                     New Encoding |                Previous Encoding 
---------------------------------------------------------------------------------------------------
              IDLE_state |                               00 |                               00
           TESTING_state |                               01 |                               01
              PASS_state |                               10 |                               10
---------------------------------------------------------------------------------------------------
INFO: [Synth 8-3354] encoded FSM with state register 'M_state_q_reg' using encoding 'sequential' in module 'adder_autotester_8'
---------------------------------------------------------------------------------------------------
                   State |                     New Encoding |                Previous Encoding 
---------------------------------------------------------------------------------------------------
              IDLE_state |                               00 |                               00
           TESTING_state |                               01 |                               01
              PASS_state |                               10 |                               10
---------------------------------------------------------------------------------------------------
INFO: [Synth 8-3354] encoded FSM with state register 'M_state_q_reg' using encoding 'sequential' in module 'compare_autotester_9'
---------------------------------------------------------------------------------------------------
                   State |                     New Encoding |                Previous Encoding 
---------------------------------------------------------------------------------------------------
              IDLE_state |                                0 |                               00
           TESTING_state |                                1 |                               01
---------------------------------------------------------------------------------------------------
INFO: [Synth 8-3354] encoded FSM with state register 'M_state_q_reg' using encoding 'sequential' in module 'boolean_autotester_10'
---------------------------------------------------------------------------------------------------
                   State |                     New Encoding |                Previous Encoding 
---------------------------------------------------------------------------------------------------
              IDLE_state |                               00 |                               00
           TESTING_state |                               01 |                               01
              PASS_state |                               10 |                               10
---------------------------------------------------------------------------------------------------
INFO: [Synth 8-3354] encoded FSM with state register 'M_state_q_reg' using encoding 'sequential' in module 'shifter_autotester_11'
---------------------------------------------------------------------------------------------------
                   State |                     New Encoding |                Previous Encoding 
---------------------------------------------------------------------------------------------------
              IDLE_state |                               00 |                               00
           TESTING_state |                               01 |                               01
              PASS_state |                               10 |                               10
---------------------------------------------------------------------------------------------------
INFO: [Synth 8-3354] encoded FSM with state register 'M_state_q_reg' using encoding 'sequential' in module 'multiplier_autotester_12'
---------------------------------------------------------------------------------------------------
                   State |                     New Encoding |                Previous Encoding 
---------------------------------------------------------------------------------------------------
IDLE_tester_function_state |                              000 |                              000
ADDER_tester_function_state |                              001 |                              001
COMPARATOR_tester_function_state |                              010 |                              010
BOOLEAN_tester_function_state |                              011 |                              011
SHIFTER_tester_function_state |                              100 |                              100
MULTIPLIER_tester_function_state |                              101 |                              101
---------------------------------------------------------------------------------------------------
INFO: [Synth 8-3354] encoded FSM with state register 'M_tester_function_state_q_reg' using encoding 'sequential' in module 'auto_tester_2'
---------------------------------------------------------------------------------
Finished RTL Optimization Phase 2 : Time (s): cpu = 00:00:08 ; elapsed = 00:00:23 . Memory (MB): peak = 1000.383 ; gain = 0.000
---------------------------------------------------------------------------------
---------------------------------------------------------------------------------
Start RTL Component Statistics 
---------------------------------------------------------------------------------
Detailed RTL Component Info : 
+---Adders : 
	   2 Input   18 Bit       Adders := 1     
	   3 Input   16 Bit       Adders := 6     
	   2 Input    5 Bit       Adders := 5     
+---XORs : 
	   2 Input     16 Bit         XORs := 6     
	   2 Input      1 Bit         XORs := 12    
+---Registers : 
	               18 Bit    Registers := 1     
	               16 Bit    Registers := 8     
	                6 Bit    Registers := 1     
	                5 Bit    Registers := 5     
	                4 Bit    Registers := 1     
	                2 Bit    Registers := 6     
	                1 Bit    Registers := 18    
+---Muxes : 
	   2 Input   24 Bit        Muxes := 1     
	   2 Input   18 Bit        Muxes := 1     
	   2 Input   16 Bit        Muxes := 39    
	   4 Input   16 Bit        Muxes := 16    
	   3 Input   16 Bit        Muxes := 19    
	   6 Input   16 Bit        Muxes := 1     
	   2 Input    8 Bit        Muxes := 5     
	   5 Input    8 Bit        Muxes := 2     
	  15 Input    8 Bit        Muxes := 1     
	   4 Input    6 Bit        Muxes := 1     
	  26 Input    6 Bit        Muxes := 1     
	   3 Input    6 Bit        Muxes := 2     
	   2 Input    6 Bit        Muxes := 1     
	  15 Input    6 Bit        Muxes := 1     
	   2 Input    5 Bit        Muxes := 7     
	  13 Input    5 Bit        Muxes := 1     
	   3 Input    5 Bit        Muxes := 1     
	   5 Input    5 Bit        Muxes := 1     
	   6 Input    5 Bit        Muxes := 1     
	   2 Input    4 Bit        Muxes := 2     
	  13 Input    4 Bit        Muxes := 1     
	   3 Input    4 Bit        Muxes := 2     
	  17 Input    4 Bit        Muxes := 1     
	   4 Input    4 Bit        Muxes := 1     
	   2 Input    3 Bit        Muxes := 13    
	  13 Input    3 Bit        Muxes := 1     
	  15 Input    3 Bit        Muxes := 1     
	   6 Input    3 Bit        Muxes := 2     
	  15 Input    2 Bit        Muxes := 7     
	   7 Input    2 Bit        Muxes := 1     
	   2 Input    2 Bit        Muxes := 44    
	   8 Input    2 Bit        Muxes := 1     
	   3 Input    2 Bit        Muxes := 9     
	  13 Input    2 Bit        Muxes := 1     
	  26 Input    2 Bit        Muxes := 3     
	   9 Input    2 Bit        Muxes := 1     
	  17 Input    2 Bit        Muxes := 1     
	   6 Input    2 Bit        Muxes := 1     
	   4 Input    1 Bit        Muxes := 16    
	   2 Input    1 Bit        Muxes := 70    
	   3 Input    1 Bit        Muxes := 16    
	  13 Input    1 Bit        Muxes := 3     
---------------------------------------------------------------------------------
Finished RTL Component Statistics 
---------------------------------------------------------------------------------
---------------------------------------------------------------------------------
Start Part Resource Summary
---------------------------------------------------------------------------------
Part Resources:
DSPs: 90 (col length:60)
BRAMs: 100 (col length: RAMB18 60 RAMB36 30)
---------------------------------------------------------------------------------
Finished Part Resource Summary
---------------------------------------------------------------------------------
---------------------------------------------------------------------------------
Start Cross Boundary and Area Optimization
---------------------------------------------------------------------------------
DSP Report: Generating DSP alu_unit/multiplyUnit/out0, operation Mode is: A*B.
DSP Report: operator alu_unit/multiplyUnit/out0 is absorbed into DSP alu_unit/multiplyUnit/out0.
DSP Report: Generating DSP alu_unit/multiplyUnit/out0, operation Mode is: A*B.
DSP Report: operator alu_unit/multiplyUnit/out0 is absorbed into DSP alu_unit/multiplyUnit/out0.
DSP Report: Generating DSP aluUnit/multiplyUnit/out0, operation Mode is: A*B.
DSP Report: operator aluUnit/multiplyUnit/out0 is absorbed into DSP aluUnit/multiplyUnit/out0.
DSP Report: Generating DSP alu_unit/multiplyUnit/out0, operation Mode is: A*B.
DSP Report: operator alu_unit/multiplyUnit/out0 is absorbed into DSP alu_unit/multiplyUnit/out0.
DSP Report: Generating DSP manual/aluUnit/multiplyUnit/out0, operation Mode is: A2*B2.
DSP Report: register manual/M_inputB_q_reg is absorbed into DSP manual/aluUnit/multiplyUnit/out0.
DSP Report: register manual/M_inputA_q_reg is absorbed into DSP manual/aluUnit/multiplyUnit/out0.
DSP Report: operator manual/aluUnit/multiplyUnit/out0 is absorbed into DSP manual/aluUnit/multiplyUnit/out0.
---------------------------------------------------------------------------------
Finished Cross Boundary and Area Optimization : Time (s): cpu = 00:00:13 ; elapsed = 00:00:43 . Memory (MB): peak = 1000.383 ; gain = 0.000
---------------------------------------------------------------------------------
---------------------------------------------------------------------------------
Start ROM, RAM, DSP, Shift Register and Retiming Reporting
---------------------------------------------------------------------------------

ROM: Preliminary Mapping	Report
+-------------------------+--------------+---------------+----------------+
|Module Name              | RTL Object   | Depth x Width | Implemented As | 
+-------------------------+--------------+---------------+----------------+
|compare_autotester_9     | M_alu_unit_b | 32x4          | LUT            | 
|compare_autotester_9     | M_alu_unit_a | 32x4          | LUT            | 
|multiplier_autotester_12 | M_alu_unit_b | 32x6          | LUT            | 
|multiplier_autotester_12 | M_alu_unit_a | 32x5          | LUT            | 
|compare_autotester_9     | M_alu_unit_a | 32x4          | LUT            | 
|compare_autotester_9     | M_alu_unit_b | 32x4          | LUT            | 
|multiplier_autotester_12 | M_alu_unit_a | 32x5          | LUT            | 
|multiplier_autotester_12 | M_alu_unit_b | 32x6          | LUT            | 
+-------------------------+--------------+---------------+----------------+


DSP: Preliminary Mapping	Report (see note below)
+------------+-------------+--------+--------+--------+--------+--------+------+------+------+------+-------+------+------+
|Module Name | DSP Mapping | A Size | B Size | C Size | D Size | P Size | AREG | BREG | CREG | DREG | ADREG | MREG | PREG | 
+------------+-------------+--------+--------+--------+--------+--------+------+------+------+------+-------+------+------+
|multiply_18 | A*B         | 16     | 16     | -      | -      | 32     | 0    | 0    | -    | -    | -     | 0    | 0    | 
|multiply_18 | A*B         | 16     | 16     | -      | -      | 32     | 0    | 0    | -    | -    | -     | 0    | 0    | 
|multiply_18 | A*B         | 16     | 16     | -      | -      | 32     | 0    | 0    | -    | -    | -     | 0    | 0    | 
|multiply_18 | A*B         | 16     | 16     | -      | -      | 32     | 0    | 0    | -    | -    | -     | 0    | 0    | 
|au_top_0    | A2*B2       | 16     | 16     | -      | -      | 32     | 1    | 1    | -    | -    | -     | 0    | 0    | 
+------------+-------------+--------+--------+--------+--------+--------+------+------+------+------+-------+------+------+

Note: The table above is a preliminary report that shows the DSPs inferred at the current stage of the synthesis flow. Some DSP may be reimplemented as non DSP primitives later in the synthesis flow. Multiple instantiated DSPs are reported only once.
---------------------------------------------------------------------------------
Finished ROM, RAM, DSP, Shift Register and Retiming Reporting
---------------------------------------------------------------------------------
---------------------------------------------------------------------------------
Start Applying XDC Timing Constraints
---------------------------------------------------------------------------------
---------------------------------------------------------------------------------
Finished Applying XDC Timing Constraints : Time (s): cpu = 00:00:18 ; elapsed = 00:00:56 . Memory (MB): peak = 1007.547 ; gain = 7.164
---------------------------------------------------------------------------------
---------------------------------------------------------------------------------
Start Timing Optimization
---------------------------------------------------------------------------------
---------------------------------------------------------------------------------
Finished Timing Optimization : Time (s): cpu = 00:00:20 ; elapsed = 00:01:02 . Memory (MB): peak = 1070.867 ; gain = 70.484
---------------------------------------------------------------------------------
---------------------------------------------------------------------------------
Start Technology Mapping
---------------------------------------------------------------------------------
---------------------------------------------------------------------------------
Finished Technology Mapping : Time (s): cpu = 00:00:20 ; elapsed = 00:01:02 . Memory (MB): peak = 1071.512 ; gain = 71.129
---------------------------------------------------------------------------------
---------------------------------------------------------------------------------
Start IO Insertion
---------------------------------------------------------------------------------
---------------------------------------------------------------------------------
Start Flattening Before IO Insertion
---------------------------------------------------------------------------------
---------------------------------------------------------------------------------
Finished Flattening Before IO Insertion
---------------------------------------------------------------------------------
---------------------------------------------------------------------------------
Start Final Netlist Cleanup
---------------------------------------------------------------------------------
---------------------------------------------------------------------------------
Finished Final Netlist Cleanup
---------------------------------------------------------------------------------
---------------------------------------------------------------------------------
Finished IO Insertion : Time (s): cpu = 00:00:23 ; elapsed = 00:01:07 . Memory (MB): peak = 1076.305 ; gain = 75.922
---------------------------------------------------------------------------------
---------------------------------------------------------------------------------
Start Renaming Generated Instances
---------------------------------------------------------------------------------
---------------------------------------------------------------------------------
Finished Renaming Generated Instances : Time (s): cpu = 00:00:23 ; elapsed = 00:01:07 . Memory (MB): peak = 1076.305 ; gain = 75.922
---------------------------------------------------------------------------------
---------------------------------------------------------------------------------
Start Rebuilding User Hierarchy
---------------------------------------------------------------------------------
---------------------------------------------------------------------------------
Finished Rebuilding User Hierarchy : Time (s): cpu = 00:00:23 ; elapsed = 00:01:07 . Memory (MB): peak = 1076.305 ; gain = 75.922
---------------------------------------------------------------------------------
---------------------------------------------------------------------------------
Start Renaming Generated Ports
---------------------------------------------------------------------------------
---------------------------------------------------------------------------------
Finished Renaming Generated Ports : Time (s): cpu = 00:00:23 ; elapsed = 00:01:07 . Memory (MB): peak = 1076.305 ; gain = 75.922
---------------------------------------------------------------------------------
---------------------------------------------------------------------------------
Start Handling Custom Attributes
---------------------------------------------------------------------------------
---------------------------------------------------------------------------------
Finished Handling Custom Attributes : Time (s): cpu = 00:00:23 ; elapsed = 00:01:07 . Memory (MB): peak = 1076.305 ; gain = 75.922
---------------------------------------------------------------------------------
---------------------------------------------------------------------------------
Start Renaming Generated Nets
---------------------------------------------------------------------------------
---------------------------------------------------------------------------------
Finished Renaming Generated Nets : Time (s): cpu = 00:00:23 ; elapsed = 00:01:07 . Memory (MB): peak = 1076.305 ; gain = 75.922
---------------------------------------------------------------------------------
---------------------------------------------------------------------------------
Start Writing Synthesis Report
---------------------------------------------------------------------------------

Report BlackBoxes: 
+-+--------------+----------+
| |BlackBox name |Instances |
+-+--------------+----------+
+-+--------------+----------+

Report Cell Usage: 
+------+--------+------+
|      |Cell    |Count |
+------+--------+------+
|1     |BUFG    |     1|
|2     |CARRY4  |    51|
|3     |DSP48E1 |     2|
|5     |LUT1    |    18|
|6     |LUT2    |   131|
|7     |LUT3    |   124|
|8     |LUT4    |   100|
|9     |LUT5    |   203|
|10    |LUT6    |   420|
|11    |FDRE    |   308|
|12    |FDSE    |     4|
|13    |LD      |     2|
|14    |IBUF    |    32|
|15    |OBUF    |    45|
+------+--------+------+
---------------------------------------------------------------------------------
Finished Writing Synthesis Report : Time (s): cpu = 00:00:23 ; elapsed = 00:01:07 . Memory (MB): peak = 1076.305 ; gain = 75.922
---------------------------------------------------------------------------------
Synthesis finished with 0 errors, 0 critical warnings and 1 warnings.
Synthesis Optimization Runtime : Time (s): cpu = 00:00:18 ; elapsed = 00:01:03 . Memory (MB): peak = 1076.305 ; gain = 75.922
Synthesis Optimization Complete : Time (s): cpu = 00:00:23 ; elapsed = 00:01:08 . Memory (MB): peak = 1076.305 ; gain = 75.922
INFO: [Project 1-571] Translating synthesized netlist
Netlist sorting complete. Time (s): cpu = 00:00:00 ; elapsed = 00:00:00.029 . Memory (MB): peak = 1076.305 ; gain = 0.000
INFO: [Netlist 29-17] Analyzing 55 Unisim elements for replacement
INFO: [Netlist 29-28] Unisim Transformation completed in 0 CPU seconds
INFO: [Project 1-570] Preparing netlist for logic optimization
INFO: [Opt 31-138] Pushed 0 inverter(s) to 0 load pin(s).
Netlist sorting complete. Time (s): cpu = 00:00:00 ; elapsed = 00:00:00 . Memory (MB): peak = 1076.305 ; gain = 0.000
INFO: [Project 1-111] Unisim Transformation Summary:
  A total of 2 instances were transformed.
  LD => LDCE: 2 instances

INFO: [Common 17-83] Releasing license: Synthesis
86 Infos, 7 Warnings, 0 Critical Warnings and 0 Errors encountered.
synth_design completed successfully
synth_design: Time (s): cpu = 00:00:26 ; elapsed = 00:01:16 . Memory (MB): peak = 1076.305 ; gain = 75.922
INFO: [Common 17-1381] The checkpoint 'A:/FPGA/demo-checkoff1-FPGA/work/vivado/alu_withbugfixes233AM13_3/alu_withbugfixes233AM13_3.runs/synth_1/au_top_0.dcp' has been generated.
INFO: [runtcl-4] Executing : report_utilization -file au_top_0_utilization_synth.rpt -pb au_top_0_utilization_synth.pb
INFO: [Common 17-206] Exiting Vivado at Mon Mar 13 17:35:09 2023...
